<?xml version="1.0" encoding="UTF-8"?>
<coverage generated="1711591559514" clover="3.2.0">
  <project timestamp="1711591559515" name="All files">
    <metrics statements="1" coveredstatements="1" conditionals="0" coveredconditionals="0" methods="1" coveredmethods="1" elements="2" coveredelements="2" complexity="0" loc="1" ncloc="1" packages="1" files="1" classes="1"/>
    <file name="Contact.js" path="C:\Users\LENOVO\OneDrive\Desktop\Namaste React\project-2\src\components\Contact.js">
      <metrics statements="1" coveredstatements="1" conditionals="0" coveredconditionals="0" methods="1" coveredmethods="1"/>
      <line num="4" count="4" type="stmt"/>
    </file>
  </project>
</coverage>
