{"C:\\Users\\LENOVO\\OneDrive\\Desktop\\Namaste React\\project-2\\src\\components\\Contact.js": {"path":"C:\\Users\\LENOVO\\OneDrive\\Desktop\\Namaste React\\project-2\\src\\components\\Contact.js","statementMap":{"0":{"start":{"line":4,"column":4},"end":{"line":15,"column":5}}},"fnMap":{"0":{"name":"(anonymous_0)","decl":{"start":{"line":3,"column":25},"end":{"line":3,"column":26}},"loc":{"start":{"line":3,"column":29},"end":{"line":16,"column":1}},"line":3}},"branchMap":{},"s":{"0":4},"f":{"0":4},"b":{},"_coverageSchema":"1a1c01bbd47fc00a2c39e90264f33305004495a9","hash":"bd4fbee1f3f5f8178057d59d823efd998b078ef6"}
}
