{"C:\\Users\\LENOVO\\OneDrive\\Desktop\\Namaste React\\project-2\\src\\components\\sum.js": {"path":"C:\\Users\\LENOVO\\OneDrive\\Desktop\\Namaste React\\project-2\\src\\components\\sum.js","statementMap":{"0":{"start":{"line":4,"column":4},"end":{"line":6,"column":6}},"1":{"start":{"line":5,"column":8},"end":{"line":5,"column":25}}},"fnMap":{"0":{"name":"(anonymous_0)","decl":{"start":{"line":3,"column":21},"end":{"line":3,"column":22}},"loc":{"start":{"line":3,"column":31},"end":{"line":7,"column":1}},"line":3},"1":{"name":"(anonymous_1)","decl":{"start":{"line":4,"column":22},"end":{"line":4,"column":23}},"loc":{"start":{"line":4,"column":33},"end":{"line":6,"column":5}},"line":4}},"branchMap":{},"s":{"0":1,"1":2},"f":{"0":1,"1":2},"b":{},"_coverageSchema":"1a1c01bbd47fc00a2c39e90264f33305004495a9","hash":"1d33ba60f12db7fd7867a947374e29b32fb95016"}
}
